<?xml version="1.0" encoding="UTF-8"?>
<!-- Generated by org.testng.reporters.JUnitReportReporter -->
<testsuite hostname="Mounika" failures="0" tests="1" name="zone.Captcha1" time="35.492" errors="0" timestamp="2024-09-18T11:02:39 IST" skipped="0">
  <testcase classname="zone.Captcha1" name="cap" time="35.492"/>
  <system-out/>
</testsuite> <!-- zone.Captcha1 -->
