<?xml version="1.0" encoding="UTF-8"?>
<!-- Generated by org.testng.reporters.JUnitReportReporter -->
<testsuite hostname="Mounika" failures="0" tests="3" name="zone.Login" time="20.323" errors="0" timestamp="2024-09-16T15:45:02 IST" skipped="0">
  <testcase classname="zone.Login" name="login" time="6.800"/>
  <system-out/>
  <testcase classname="zone.Login" name="login" time="6.932"/>
  <system-out/>
  <testcase classname="zone.Login" name="login" time="6.591"/>
  <system-out/>
</testsuite> <!-- zone.Login -->
